01-Jul-2022 12:26:23 INFO - Bootstrapping Spring Data JPA repositories in DEFAULT mode.
01-Jul-2022 12:26:23 INFO - Finished Spring Data repository scanning in 109 ms. Found 2 JPA repository interfaces.
01-Jul-2022 12:26:23 INFO - Tomcat initialized with port(s): 8080 (http)
01-Jul-2022 12:26:23 INFO - Initializing ProtocolHandler ["http-nio-8080"]
01-Jul-2022 12:26:23 INFO - Starting service [Tomcat]
01-Jul-2022 12:26:23 INFO - Starting Servlet engine: [Apache Tomcat/9.0.64]
01-Jul-2022 12:26:24 INFO - Initializing Spring embedded WebApplicationContext
01-Jul-2022 12:26:24 INFO - Root WebApplicationContext: initialization completed in 1677 ms
01-Jul-2022 12:26:24 INFO - HHH000204: Processing PersistenceUnitInfo [name: default]
01-Jul-2022 12:26:24 INFO - HHH000412: Hibernate ORM core version 5.6.9.Final
01-Jul-2022 12:26:24 INFO - HCANN000001: Hibernate Commons Annotations {5.1.2.Final}
01-Jul-2022 12:26:24 INFO - HHH000400: Using dialect: org.hibernate.dialect.PostgreSQL10Dialect
01-Jul-2022 12:26:25 INFO - HHH000490: Using JtaPlatform implementation: [org.hibernate.engine.transaction.jta.platform.internal.NoJtaPlatform]
01-Jul-2022 12:26:25 INFO - Initialized JPA EntityManagerFactory for persistence unit 'default'
01-Jul-2022 12:26:26 WARN - spring.jpa.open-in-view is enabled by default. Therefore, database queries may be performed during view rendering. Explicitly configure spring.jpa.open-in-view to disable this warning
01-Jul-2022 12:26:26 INFO - Starting ProtocolHandler ["http-nio-8080"]
01-Jul-2022 12:26:26 WARN - Exception encountered during context initialization - cancelling refresh attempt: org.springframework.context.ApplicationContextException: Failed to start bean 'webServerStartStop'; nested exception is org.springframework.boot.web.server.PortInUseException: Port 8080 is already in use
01-Jul-2022 12:26:26 INFO - Closing JPA EntityManagerFactory for persistence unit 'default'
01-Jul-2022 12:26:26 INFO - Pausing ProtocolHandler ["http-nio-8080"]
01-Jul-2022 12:26:26 INFO - Stopping service [Tomcat]
01-Jul-2022 12:26:26 INFO - Stopping ProtocolHandler ["http-nio-8080"]
01-Jul-2022 12:26:26 INFO - Destroying ProtocolHandler ["http-nio-8080"]
01-Jul-2022 12:26:26 INFO - 

Error starting ApplicationContext. To display the conditions report re-run your application with 'debug' enabled.
01-Jul-2022 12:26:26 ERROR - 

***************************
APPLICATION FAILED TO START
***************************

Description:

Web server failed to start. Port 8080 was already in use.

Action:

Identify and stop the process that's listening on port 8080 or configure this application to listen on another port.

01-Jul-2022 12:27:01 INFO - Bootstrapping Spring Data JPA repositories in DEFAULT mode.
01-Jul-2022 12:27:01 INFO - Finished Spring Data repository scanning in 104 ms. Found 2 JPA repository interfaces.
01-Jul-2022 12:27:02 INFO - Tomcat initialized with port(s): 8080 (http)
01-Jul-2022 12:27:02 INFO - Initializing ProtocolHandler ["http-nio-8080"]
01-Jul-2022 12:27:02 INFO - Starting service [Tomcat]
01-Jul-2022 12:27:02 INFO - Starting Servlet engine: [Apache Tomcat/9.0.64]
01-Jul-2022 12:27:02 INFO - Initializing Spring embedded WebApplicationContext
01-Jul-2022 12:27:02 INFO - Root WebApplicationContext: initialization completed in 1599 ms
01-Jul-2022 12:27:02 INFO - HHH000204: Processing PersistenceUnitInfo [name: default]
01-Jul-2022 12:27:02 INFO - HHH000412: Hibernate ORM core version 5.6.9.Final
01-Jul-2022 12:27:02 INFO - HCANN000001: Hibernate Commons Annotations {5.1.2.Final}
01-Jul-2022 12:27:03 INFO - HHH000400: Using dialect: org.hibernate.dialect.PostgreSQL10Dialect
01-Jul-2022 12:27:03 INFO - HHH000490: Using JtaPlatform implementation: [org.hibernate.engine.transaction.jta.platform.internal.NoJtaPlatform]
01-Jul-2022 12:27:03 INFO - Initialized JPA EntityManagerFactory for persistence unit 'default'
01-Jul-2022 12:27:04 WARN - spring.jpa.open-in-view is enabled by default. Therefore, database queries may be performed during view rendering. Explicitly configure spring.jpa.open-in-view to disable this warning
01-Jul-2022 12:27:04 INFO - Starting ProtocolHandler ["http-nio-8080"]
01-Jul-2022 12:27:04 INFO - Tomcat started on port(s): 8080 (http) with context path ''
